# JRE version: OpenJDK Runtime Environment (11.0.10) (build 11.0.10+0-b96-7249189)
# Java VM: OpenJDK 64-Bit Server VM (11.0.10+0-b96-7249189, mixed mode, tiered, compressed oops, g1 gc, windows-amd64)
Heap:
 garbage-first heap   total 757760K, used 128241K [0x0000000080000000, 0x0000000100000000)
  region size 1024K, 10 young (10240K), 10 survivors (10240K)
 Metaspace       used 114282K, capacity 117057K, committed 117376K, reserved 1150976K
  class space    used 14376K, capacity 15417K, committed 15488K, reserved 1048576K
GC Heap History (20 events):
Event: 367.180 GC heap after
{Heap after GC invocations=143 (full 0):
 garbage-first heap   total 181248K, used 118732K [0x0000000080000000, 0x0000000100000000)
  region size 1024K, 1 young (1024K), 1 survivors (1024K)
 Metaspace       used 113970K, capacity 116675K, committed 116736K, reserved 1150976K
  class space    used 14347K, capacity 15359K, committed 15360K, reserved 1048576K
}
Event: 367.596 GC heap before
{Heap before GC invocations=143 (full 0):
 garbage-first heap   total 181248K, used 155596K [0x0000000080000000, 0x0000000100000000)
  region size 1024K, 37 young (37888K), 1 survivors (1024K)
 Metaspace       used 113993K, capacity 116697K, committed 116864K, reserved 1150976K
  class space    used 14351K, capacity 15367K, committed 15488K, reserved 1048576K
}
Event: 367.656 GC heap after
{Heap after GC invocations=144 (full 0):
 garbage-first heap   total 242688K, used 119019K [0x0000000080000000, 0x0000000100000000)
  region size 1024K, 1 young (1024K), 1 survivors (1024K)
 Metaspace       used 113993K, capacity 116697K, committed 116864K, reserved 1150976K
  class space    used 14351K, capacity 15367K, committed 15488K, reserved 1048576K
}
Event: 368.494 GC heap before
{Heap before GC invocations=144 (full 0):
 garbage-first heap   total 242688K, used 192747K [0x0000000080000000, 0x0000000100000000)
  region size 1024K, 73 young (74752K), 1 survivors (1024K)
 Metaspace       used 114034K, capacity 116769K, committed 117120K, reserved 1150976K
  class space    used 14351K, capacity 15367K, committed 15488K, reserved 1048576K
}
Event: 368.504 GC heap after
{Heap after GC invocations=145 (full 0):
 garbage-first heap   total 242688K, used 120064K [0x0000000080000000, 0x0000000100000000)
  region size 1024K, 2 young (2048K), 2 survivors (2048K)
 Metaspace       used 114034K, capacity 116769K, committed 117120K, reserved 1150976K
  class space    used 14351K, capacity 15367K, committed 15488K, reserved 1048576K
}
Event: 369.613 GC heap before
{Heap before GC invocations=145 (full 0):
 garbage-first heap   total 242688K, used 195840K [0x0000000080000000, 0x0000000100000000)
  region size 1024K, 76 young (77824K), 2 survivors (2048K)
 Metaspace       used 114073K, capacity 116841K, committed 117120K, reserved 1150976K
  class space    used 14352K, capacity 15368K, committed 15488K, reserved 1048576K
}
Event: 369.636 GC heap after
{Heap after GC invocations=146 (full 0):
 garbage-first heap   total 242688K, used 121168K [0x0000000080000000, 0x0000000100000000)
  region size 1024K, 3 young (3072K), 3 survivors (3072K)
 Metaspace       used 114073K, capacity 116841K, committed 117120K, reserved 1150976K
  class space    used 14352K, capacity 15368K, committed 15488K, reserved 1048576K
}
Event: 370.453 GC heap before
{Heap before GC invocations=146 (full 0):
 garbage-first heap   total 242688K, used 200016K [0x0000000080000000, 0x0000000100000000)
  region size 1024K, 80 young (81920K), 3 survivors (3072K)
 Metaspace       used 114093K, capacity 116843K, committed 117120K, reserved 1150976K
  class space    used 14352K, capacity 15368K, committed 15488K, reserved 1048576K
}
Event: 370.467 GC heap after
{Heap after GC invocations=147 (full 0):
 garbage-first heap   total 242688K, used 121227K [0x0000000080000000, 0x0000000100000000)
  region size 1024K, 3 young (3072K), 3 survivors (3072K)
 Metaspace       used 114093K, capacity 116843K, committed 117120K, reserved 1150976K
  class space    used 14352K, capacity 15368K, committed 15488K, reserved 1048576K
}
Event: 371.771 GC heap before
{Heap before GC invocations=147 (full 0):
 garbage-first heap   total 242688K, used 201099K [0x0000000080000000, 0x0000000100000000)
  region size 1024K, 81 young (82944K), 3 survivors (3072K)
 Metaspace       used 114147K, capacity 116929K, committed 117120K, reserved 1150976K
  class space    used 14359K, capacity 15375K, committed 15488K, reserved 1048576K
}
Event: 371.812 GC heap after
{Heap after GC invocations=148 (full 0):
 garbage-first heap   total 242688K, used 122074K [0x0000000080000000, 0x0000000100000000)
  region size 1024K, 4 young (4096K), 4 survivors (4096K)
 Metaspace       used 114147K, capacity 116929K, committed 117120K, reserved 1150976K
  class space    used 14359K, capacity 15375K, committed 15488K, reserved 1048576K
}
Event: 373.129 GC heap before
{Heap before GC invocations=148 (full 0):
 garbage-first heap   total 242688K, used 201946K [0x0000000080000000, 0x0000000100000000)
  region size 1024K, 82 young (83968K), 4 survivors (4096K)
 Metaspace       used 114170K, capacity 116936K, committed 117120K, reserved 1150976K
  class space    used 14360K, capacity 15377K, committed 15488K, reserved 1048576K
}
Event: 373.157 GC heap after
{Heap after GC invocations=149 (full 0):
 garbage-first heap   total 348160K, used 123261K [0x0000000080000000, 0x0000000100000000)
  region size 1024K, 5 young (5120K), 5 survivors (5120K)
 Metaspace       used 114170K, capacity 116936K, committed 117120K, reserved 1150976K
  class space    used 14360K, capacity 15377K, committed 15488K, reserved 1048576K
}
Event: 374.906 GC heap before
{Heap before GC invocations=149 (full 0):
 garbage-first heap   total 348160K, used 233853K [0x0000000080000000, 0x0000000100000000)
  region size 1024K, 113 young (115712K), 5 survivors (5120K)
 Metaspace       used 114202K, capacity 116956K, committed 117120K, reserved 1150976K
  class space    used 14364K, capacity 15384K, committed 15488K, reserved 1048576K
}
Event: 375.502 GC heap after
{Heap after GC invocations=150 (full 0):
 garbage-first heap   total 348160K, used 124453K [0x0000000080000000, 0x0000000100000000)
  region size 1024K, 6 young (6144K), 6 survivors (6144K)
 Metaspace       used 114202K, capacity 116956K, committed 117120K, reserved 1150976K
  class space    used 14364K, capacity 15384K, committed 15488K, reserved 1048576K
}
Event: 378.527 GC heap before
{Heap before GC invocations=150 (full 0):
 garbage-first heap   total 348160K, used 235045K [0x0000000080000000, 0x0000000100000000)
  region size 1024K, 114 young (116736K), 6 survivors (6144K)
 Metaspace       used 114245K, capacity 117056K, committed 117376K, reserved 1150976K
  class space    used 14374K, capacity 15417K, committed 15488K, reserved 1048576K
}
Event: 378.560 GC heap after
{Heap after GC invocations=151 (full 0):
 garbage-first heap   total 348160K, used 125169K [0x0000000080000000, 0x0000000100000000)
  region size 1024K, 7 young (7168K), 7 survivors (7168K)
 Metaspace       used 114245K, capacity 117056K, committed 117376K, reserved 1150976K
  class space    used 14374K, capacity 15417K, committed 15488K, reserved 1048576K
}
Event: 380.220 GC heap before
{Heap before GC invocations=151 (full 0):
 garbage-first heap   total 348160K, used 249073K [0x0000000080000000, 0x0000000100000000)
  region size 1024K, 128 young (131072K), 7 survivors (7168K)
 Metaspace       used 114257K, capacity 117056K, committed 117376K, reserved 1150976K
  class space    used 14374K, capacity 15417K, committed 15488K, reserved 1048576K
}
Event: 380.259 GC heap after
{Heap after GC invocations=152 (full 0):
 garbage-first heap   total 348160K, used 126705K [0x0000000080000000, 0x0000000100000000)
  region size 1024K, 8 young (8192K), 8 survivors (8192K)
 Metaspace       used 114257K, capacity 117056K, committed 117376K, reserved 1150976K
  class space    used 14374K, capacity 15417K, committed 15488K, reserved 1048576K
}
Event: 382.296 GC heap before
{Heap before GC invocations=152 (full 0):
 garbage-first heap   total 348160K, used 280305K [0x0000000080000000, 0x0000000100000000)
  region size 1024K, 158 young (161792K), 8 survivors (8192K)
 Metaspace       used 114282K, capacity 117057K, committed 117376K, reserved 1150976K
  class space    used 14376K, capacity 15417K, committed 15488K, reserved 1048576K
}

