# JRE version: OpenJDK Runtime Environment (11.0.10) (build 11.0.10+0-b96-7249189)
# Java VM: OpenJDK 64-Bit Server VM (11.0.10+0-b96-7249189, mixed mode, tiered, compressed oops, g1 gc, windows-amd64)
Heap:
 garbage-first heap   total 613376K, used 136555K [0x0000000080000000, 0x0000000100000000)
  region size 1024K, 3 young (3072K), 3 survivors (3072K)
 Metaspace       used 148021K, capacity 151761K, committed 152968K, reserved 1181696K
  class space    used 18343K, capacity 19636K, committed 20044K, reserved 1048576K
GC Heap History (20 events):
Event: 6358.240 GC heap after
{Heap after GC invocations=99 (full 0):
 garbage-first heap   total 366592K, used 171712K [0x0000000080000000, 0x0000000100000000)
  region size 1024K, 2 young (2048K), 2 survivors (2048K)
 Metaspace       used 135968K, capacity 139706K, committed 139912K, reserved 1171456K
  class space    used 16898K, capacity 18193K, committed 18252K, reserved 1048576K
}
Event: 6370.070 GC heap before
{Heap before GC invocations=99 (full 0):
 garbage-first heap   total 366592K, used 189120K [0x0000000080000000, 0x0000000100000000)
  region size 1024K, 17 young (17408K), 2 survivors (2048K)
 Metaspace       used 139694K, capacity 143418K, committed 143624K, reserved 1175552K
  class space    used 17276K, capacity 18577K, committed 18636K, reserved 1048576K
}
Event: 6370.501 GC heap after
{Heap after GC invocations=100 (full 0):
 garbage-first heap   total 366592K, used 175801K [0x0000000080000000, 0x0000000100000000)
  region size 1024K, 2 young (2048K), 2 survivors (2048K)
 Metaspace       used 139694K, capacity 143418K, committed 143624K, reserved 1175552K
  class space    used 17276K, capacity 18577K, committed 18636K, reserved 1048576K
}
Event: 6376.195 GC heap before
{Heap before GC invocations=100 (full 0):
 garbage-first heap   total 366592K, used 191161K [0x0000000080000000, 0x0000000100000000)
  region size 1024K, 17 young (17408K), 2 survivors (2048K)
 Metaspace       used 142479K, capacity 146234K, committed 146312K, reserved 1177600K
  class space    used 17664K, capacity 18961K, committed 19020K, reserved 1048576K
}
Event: 6376.240 GC heap after
{Heap after GC invocations=101 (full 0):
 garbage-first heap   total 366592K, used 176829K [0x0000000080000000, 0x0000000100000000)
  region size 1024K, 3 young (3072K), 3 survivors (3072K)
 Metaspace       used 142479K, capacity 146234K, committed 146312K, reserved 1177600K
  class space    used 17664K, capacity 18961K, committed 19020K, reserved 1048576K
}
Event: 6378.857 GC heap before
{Heap before GC invocations=101 (full 0):
 garbage-first heap   total 366592K, used 190141K [0x0000000080000000, 0x0000000100000000)
  region size 1024K, 17 young (17408K), 3 survivors (3072K)
 Metaspace       used 143930K, capacity 147680K, committed 147720K, reserved 1177600K
  class space    used 17804K, capacity 19123K, committed 19148K, reserved 1048576K
}
Event: 6378.947 GC heap after
{Heap after GC invocations=102 (full 0):
 garbage-first heap   total 366592K, used 177443K [0x0000000080000000, 0x0000000100000000)
  region size 1024K, 2 young (2048K), 2 survivors (2048K)
 Metaspace       used 143930K, capacity 147680K, committed 147720K, reserved 1177600K
  class space    used 17804K, capacity 19123K, committed 19148K, reserved 1048576K
}
Event: 6384.486 GC heap before
{Heap before GC invocations=102 (full 0):
 garbage-first heap   total 366592K, used 192803K [0x0000000080000000, 0x0000000100000000)
  region size 1024K, 17 young (17408K), 2 survivors (2048K)
 Metaspace       used 145872K, capacity 149689K, committed 149896K, reserved 1179648K
  class space    used 18098K, capacity 19432K, committed 19532K, reserved 1048576K
}
Event: 6385.385 GC heap after
{Heap after GC invocations=103 (full 0):
 garbage-first heap   total 366592K, used 177682K [0x0000000080000000, 0x0000000100000000)
  region size 1024K, 1 young (1024K), 1 survivors (1024K)
 Metaspace       used 145872K, capacity 149689K, committed 149896K, reserved 1179648K
  class space    used 18098K, capacity 19432K, committed 19532K, reserved 1048576K
}
Event: 6389.704 GC heap before
{Heap before GC invocations=103 (full 0):
 garbage-first heap   total 366592K, used 194066K [0x0000000080000000, 0x0000000100000000)
  region size 1024K, 17 young (17408K), 1 survivors (1024K)
 Metaspace       used 147613K, capacity 151623K, committed 151688K, reserved 1181696K
  class space    used 18363K, capacity 19758K, committed 19788K, reserved 1048576K
}
Event: 6389.742 GC heap after
{Heap after GC invocations=104 (full 0):
 garbage-first heap   total 366592K, used 178216K [0x0000000080000000, 0x0000000100000000)
  region size 1024K, 2 young (2048K), 2 survivors (2048K)
 Metaspace       used 147613K, capacity 151623K, committed 151688K, reserved 1181696K
  class space    used 18363K, capacity 19758K, committed 19788K, reserved 1048576K
}
Event: 6394.217 GC heap before
{Heap before GC invocations=104 (full 0):
 garbage-first heap   total 366592K, used 193576K [0x0000000080000000, 0x0000000100000000)
  region size 1024K, 17 young (17408K), 2 survivors (2048K)
 Metaspace       used 148294K, capacity 152359K, committed 152584K, reserved 1181696K
  class space    used 18475K, capacity 19893K, committed 19916K, reserved 1048576K
}
Event: 6394.281 GC heap after
{Heap after GC invocations=105 (full 0):
 garbage-first heap   total 366592K, used 176613K [0x0000000080000000, 0x0000000100000000)
  region size 1024K, 2 young (2048K), 2 survivors (2048K)
 Metaspace       used 148294K, capacity 152359K, committed 152584K, reserved 1181696K
  class space    used 18475K, capacity 19893K, committed 19916K, reserved 1048576K
}
Event: 6827.868 GC heap before
{Heap before GC invocations=106 (full 0):
 garbage-first heap   total 366592K, used 187877K [0x0000000080000000, 0x0000000100000000)
  region size 1024K, 17 young (17408K), 2 survivors (2048K)
 Metaspace       used 147727K, capacity 151422K, committed 152712K, reserved 1181696K
  class space    used 18325K, capacity 19604K, committed 20044K, reserved 1048576K
}
Event: 6828.019 GC heap after
{Heap after GC invocations=107 (full 0):
 garbage-first heap   total 366592K, used 173816K [0x0000000080000000, 0x0000000100000000)
  region size 1024K, 2 young (2048K), 2 survivors (2048K)
 Metaspace       used 147727K, capacity 151422K, committed 152712K, reserved 1181696K
  class space    used 18325K, capacity 19604K, committed 20044K, reserved 1048576K
}
Event: 6836.832 GC heap before
{Heap before GC invocations=107 (full 0):
 garbage-first heap   total 366592K, used 188152K [0x0000000080000000, 0x0000000100000000)
  region size 1024K, 17 young (17408K), 2 survivors (2048K)
 Metaspace       used 147822K, capacity 151499K, committed 152712K, reserved 1181696K
  class space    used 18336K, capacity 19623K, committed 20044K, reserved 1048576K
}
Event: 6837.282 GC heap after
{Heap after GC invocations=108 (full 0):
 garbage-first heap   total 366592K, used 160455K [0x0000000080000000, 0x0000000100000000)
  region size 1024K, 3 young (3072K), 3 survivors (3072K)
 Metaspace       used 147822K, capacity 151499K, committed 152712K, reserved 1181696K
  class space    used 18336K, capacity 19623K, committed 20044K, reserved 1048576K
}
Event: 6838.350 GC heap before
{Heap before GC invocations=108 (full 0):
 garbage-first heap   total 366592K, used 174791K [0x0000000080000000, 0x0000000100000000)
  region size 1024K, 17 young (17408K), 3 survivors (3072K)
 Metaspace       used 147935K, capacity 151596K, committed 152712K, reserved 1181696K
  class space    used 18340K, capacity 19629K, committed 20044K, reserved 1048576K
}
Event: 6839.741 GC heap after
{Heap after GC invocations=109 (full 0):
 garbage-first heap   total 366592K, used 146878K [0x0000000080000000, 0x0000000100000000)
  region size 1024K, 3 young (3072K), 3 survivors (3072K)
 Metaspace       used 147935K, capacity 151596K, committed 152712K, reserved 1181696K
  class space    used 18340K, capacity 19629K, committed 20044K, reserved 1048576K
}
Event: 6846.217 GC heap before
{Heap before GC invocations=109 (full 0):
 garbage-first heap   total 366592K, used 165310K [0x0000000080000000, 0x0000000100000000)
  region size 1024K, 17 young (17408K), 3 survivors (3072K)
 Metaspace       used 148021K, capacity 151761K, committed 152968K, reserved 1181696K
  class space    used 18343K, capacity 19636K, committed 20044K, reserved 1048576K
}

