# JRE version: OpenJDK Runtime Environment (11.0.10) (build 11.0.10+0-b96-7249189)
# Java VM: OpenJDK 64-Bit Server VM (11.0.10+0-b96-7249189, mixed mode, tiered, compressed oops, g1 gc, windows-amd64)
Heap:
 garbage-first heap   total 531456K, used 176500K [0x0000000080000000, 0x0000000100000000)
  region size 1024K, 21 young (21504K), 2 survivors (2048K)
 Metaspace       used 331910K, capacity 342511K, committed 342732K, reserved 1347584K
  class space    used 41141K, capacity 44665K, committed 44748K, reserved 1048576K
GC Heap History (20 events):
Event: 10087.353 GC heap before
{Heap before GC invocations=392 (full 0):
 garbage-first heap   total 531456K, used 184348K [0x0000000080000000, 0x0000000100000000)
  region size 1024K, 25 young (25600K), 7 survivors (7168K)
 Metaspace       used 318615K, capacity 328703K, committed 328908K, reserved 1335296K
  class space    used 39475K, capacity 42879K, committed 42956K, reserved 1048576K
}
Event: 10089.120 GC heap after
{Heap after GC invocations=393 (full 0):
 garbage-first heap   total 531456K, used 149717K [0x0000000080000000, 0x0000000100000000)
  region size 1024K, 4 young (4096K), 4 survivors (4096K)
 Metaspace       used 318615K, capacity 328703K, committed 328908K, reserved 1335296K
  class space    used 39475K, capacity 42879K, committed 42956K, reserved 1048576K
}
Event: 10089.717 GC heap before
{Heap before GC invocations=393 (full 0):
 garbage-first heap   total 531456K, used 171221K [0x0000000080000000, 0x0000000100000000)
  region size 1024K, 25 young (25600K), 4 survivors (4096K)
 Metaspace       used 318615K, capacity 328703K, committed 328908K, reserved 1335296K
  class space    used 39475K, capacity 42879K, committed 42956K, reserved 1048576K
}
Event: 10090.062 GC heap after
{Heap after GC invocations=394 (full 0):
 garbage-first heap   total 531456K, used 155136K [0x0000000080000000, 0x0000000100000000)
  region size 1024K, 4 young (4096K), 4 survivors (4096K)
 Metaspace       used 318615K, capacity 328703K, committed 328908K, reserved 1335296K
  class space    used 39475K, capacity 42879K, committed 42956K, reserved 1048576K
}
Event: 10092.140 GC heap before
{Heap before GC invocations=395 (full 0):
 garbage-first heap   total 531456K, used 178688K [0x0000000080000000, 0x0000000100000000)
  region size 1024K, 25 young (25600K), 4 survivors (4096K)
 Metaspace       used 321842K, capacity 331935K, committed 331980K, reserved 1337344K
  class space    used 39780K, capacity 43167K, committed 43212K, reserved 1048576K
}
Event: 10092.169 GC heap after
{Heap after GC invocations=396 (full 0):
 garbage-first heap   total 531456K, used 160236K [0x0000000080000000, 0x0000000100000000)
  region size 1024K, 3 young (3072K), 3 survivors (3072K)
 Metaspace       used 321842K, capacity 331935K, committed 331980K, reserved 1337344K
  class space    used 39780K, capacity 43167K, committed 43212K, reserved 1048576K
}
Event: 10094.431 GC heap before
{Heap before GC invocations=396 (full 0):
 garbage-first heap   total 531456K, used 181740K [0x0000000080000000, 0x0000000100000000)
  region size 1024K, 25 young (25600K), 3 survivors (3072K)
 Metaspace       used 326277K, capacity 336383K, committed 336588K, reserved 1341440K
  class space    used 40336K, capacity 43711K, committed 43724K, reserved 1048576K
}
Event: 10094.455 GC heap after
{Heap after GC invocations=397 (full 0):
 garbage-first heap   total 531456K, used 161605K [0x0000000080000000, 0x0000000100000000)
  region size 1024K, 2 young (2048K), 2 survivors (2048K)
 Metaspace       used 326277K, capacity 336383K, committed 336588K, reserved 1341440K
  class space    used 40336K, capacity 43711K, committed 43724K, reserved 1048576K
}
Event: 10095.701 GC heap before
{Heap before GC invocations=397 (full 0):
 garbage-first heap   total 531456K, used 184133K [0x0000000080000000, 0x0000000100000000)
  region size 1024K, 25 young (25600K), 2 survivors (2048K)
 Metaspace       used 328614K, capacity 338810K, committed 339020K, reserved 1343488K
  class space    used 40641K, capacity 44074K, committed 44108K, reserved 1048576K
}
Event: 10095.718 GC heap after
{Heap after GC invocations=398 (full 0):
 garbage-first heap   total 531456K, used 161982K [0x0000000080000000, 0x0000000100000000)
  region size 1024K, 3 young (3072K), 3 survivors (3072K)
 Metaspace       used 328614K, capacity 338810K, committed 339020K, reserved 1343488K
  class space    used 40641K, capacity 44074K, committed 44108K, reserved 1048576K
}
Event: 10096.826 GC heap before
{Heap before GC invocations=399 (full 0):
 garbage-first heap   total 531456K, used 184510K [0x0000000080000000, 0x0000000100000000)
  region size 1024K, 25 young (25600K), 3 survivors (3072K)
 Metaspace       used 330955K, capacity 341356K, committed 341452K, reserved 1345536K
  class space    used 40999K, capacity 44476K, committed 44492K, reserved 1048576K
}
Event: 10096.846 GC heap after
{Heap after GC invocations=400 (full 0):
 garbage-first heap   total 531456K, used 162854K [0x0000000080000000, 0x0000000100000000)
  region size 1024K, 2 young (2048K), 2 survivors (2048K)
 Metaspace       used 330955K, capacity 341356K, committed 341452K, reserved 1345536K
  class space    used 40999K, capacity 44476K, committed 44492K, reserved 1048576K
}
Event: 10483.638 GC heap before
{Heap before GC invocations=400 (full 0):
 garbage-first heap   total 531456K, used 186406K [0x0000000080000000, 0x0000000100000000)
  region size 1024K, 25 young (25600K), 2 survivors (2048K)
 Metaspace       used 331618K, capacity 342085K, committed 342348K, reserved 1347584K
  class space    used 41111K, capacity 44612K, committed 44620K, reserved 1048576K
}
Event: 10483.689 GC heap after
{Heap after GC invocations=401 (full 0):
 garbage-first heap   total 531456K, used 160149K [0x0000000080000000, 0x0000000100000000)
  region size 1024K, 2 young (2048K), 2 survivors (2048K)
 Metaspace       used 331618K, capacity 342085K, committed 342348K, reserved 1347584K
  class space    used 41111K, capacity 44612K, committed 44620K, reserved 1048576K
}
Event: 11319.207 GC heap before
{Heap before GC invocations=401 (full 0):
 garbage-first heap   total 531456K, used 186773K [0x0000000080000000, 0x0000000100000000)
  region size 1024K, 29 young (29696K), 2 survivors (2048K)
 Metaspace       used 331743K, capacity 342262K, committed 342476K, reserved 1347584K
  class space    used 41129K, capacity 44645K, committed 44748K, reserved 1048576K
}
Event: 11319.240 GC heap after
{Heap after GC invocations=402 (full 0):
 garbage-first heap   total 531456K, used 161401K [0x0000000080000000, 0x0000000100000000)
  region size 1024K, 3 young (3072K), 3 survivors (3072K)
 Metaspace       used 331743K, capacity 342262K, committed 342476K, reserved 1347584K
  class space    used 41129K, capacity 44645K, committed 44748K, reserved 1048576K
}
Event: 11329.178 GC heap before
{Heap before GC invocations=403 (full 0):
 garbage-first heap   total 531456K, used 195193K [0x0000000080000000, 0x0000000100000000)
  region size 1024K, 32 young (32768K), 3 survivors (3072K)
 Metaspace       used 331862K, capacity 342440K, committed 342732K, reserved 1347584K
  class space    used 41139K, capacity 44664K, committed 44748K, reserved 1048576K
}
Event: 11329.264 GC heap after
{Heap after GC invocations=404 (full 0):
 garbage-first heap   total 531456K, used 164935K [0x0000000080000000, 0x0000000100000000)
  region size 1024K, 4 young (4096K), 4 survivors (4096K)
 Metaspace       used 331862K, capacity 342440K, committed 342732K, reserved 1347584K
  class space    used 41139K, capacity 44664K, committed 44748K, reserved 1048576K
}
Event: 11332.129 GC heap before
{Heap before GC invocations=404 (full 0):
 garbage-first heap   total 531456K, used 186439K [0x0000000080000000, 0x0000000100000000)
  region size 1024K, 25 young (25600K), 4 survivors (4096K)
 Metaspace       used 331870K, capacity 342440K, committed 342732K, reserved 1347584K
  class space    used 41139K, capacity 44664K, committed 44748K, reserved 1048576K
}
Event: 11332.315 GC heap after
{Heap after GC invocations=405 (full 0):
 garbage-first heap   total 531456K, used 159092K [0x0000000080000000, 0x0000000100000000)
  region size 1024K, 2 young (2048K), 2 survivors (2048K)
 Metaspace       used 331870K, capacity 342440K, committed 342732K, reserved 1347584K
  class space    used 41139K, capacity 44664K, committed 44748K, reserved 1048576K
}

