# JRE version: OpenJDK Runtime Environment (11.0.10) (build 11.0.10+0-b96-7249189)
# Java VM: OpenJDK 64-Bit Server VM (11.0.10+0-b96-7249189, mixed mode, tiered, compressed oops, g1 gc, windows-amd64)
Heap:
 garbage-first heap   total 1021952K, used 172435K [0x0000000080000000, 0x0000000100000000)
  region size 1024K, 4 young (4096K), 4 survivors (4096K)
 Metaspace       used 182070K, capacity 187524K, committed 187900K, reserved 1212416K
  class space    used 22809K, capacity 24834K, committed 24960K, reserved 1048576K
GC Heap History (20 events):
Event: 1693.597 GC heap after
{Heap after GC invocations=218 (full 0):
 garbage-first heap   total 552960K, used 147506K [0x0000000080000000, 0x0000000100000000)
  region size 1024K, 8 young (8192K), 8 survivors (8192K)
 Metaspace       used 171852K, capacity 176781K, committed 176892K, reserved 1204224K
  class space    used 21263K, capacity 23072K, committed 23168K, reserved 1048576K
}
Event: 1694.407 GC heap before
{Heap before GC invocations=218 (full 0):
 garbage-first heap   total 552960K, used 187442K [0x0000000080000000, 0x0000000100000000)
  region size 1024K, 47 young (48128K), 8 survivors (8192K)
 Metaspace       used 172129K, capacity 177041K, committed 177148K, reserved 1204224K
  class space    used 21305K, capacity 23114K, committed 23168K, reserved 1048576K
}
Event: 1695.735 GC heap after
{Heap after GC invocations=219 (full 0):
 garbage-first heap   total 615424K, used 148992K [0x0000000080000000, 0x0000000100000000)
  region size 1024K, 2 young (2048K), 2 survivors (2048K)
 Metaspace       used 172129K, capacity 177041K, committed 177148K, reserved 1204224K
  class space    used 21305K, capacity 23114K, committed 23168K, reserved 1048576K
}
Event: 1695.961 GC heap before
{Heap before GC invocations=219 (full 0):
 garbage-first heap   total 615424K, used 177664K [0x0000000080000000, 0x0000000100000000)
  region size 1024K, 30 young (30720K), 2 survivors (2048K)
 Metaspace       used 172160K, capacity 177105K, committed 177404K, reserved 1204224K
  class space    used 21305K, capacity 23114K, committed 23168K, reserved 1048576K
}
Event: 1695.973 GC heap after
{Heap after GC invocations=220 (full 0):
 garbage-first heap   total 615424K, used 148480K [0x0000000080000000, 0x0000000100000000)
  region size 1024K, 1 young (1024K), 1 survivors (1024K)
 Metaspace       used 172160K, capacity 177105K, committed 177404K, reserved 1204224K
  class space    used 21305K, capacity 23114K, committed 23168K, reserved 1048576K
}
Event: 1699.014 GC heap before
{Heap before GC invocations=220 (full 0):
 garbage-first heap   total 615424K, used 184320K [0x0000000080000000, 0x0000000100000000)
  region size 1024K, 34 young (34816K), 1 survivors (1024K)
 Metaspace       used 172342K, capacity 177336K, committed 177404K, reserved 1204224K
  class space    used 21329K, capacity 23137K, committed 23168K, reserved 1048576K
}
Event: 1699.022 GC heap after
{Heap after GC invocations=221 (full 0):
 garbage-first heap   total 615424K, used 148480K [0x0000000080000000, 0x0000000100000000)
  region size 1024K, 1 young (1024K), 1 survivors (1024K)
 Metaspace       used 172342K, capacity 177336K, committed 177404K, reserved 1204224K
  class space    used 21329K, capacity 23137K, committed 23168K, reserved 1048576K
}
Event: 1701.278 GC heap before
{Heap before GC invocations=221 (full 0):
 garbage-first heap   total 615424K, used 183296K [0x0000000080000000, 0x0000000100000000)
  region size 1024K, 35 young (35840K), 1 survivors (1024K)
 Metaspace       used 172344K, capacity 177336K, committed 177404K, reserved 1204224K
  class space    used 21329K, capacity 23137K, committed 23168K, reserved 1048576K
}
Event: 1701.284 GC heap after
{Heap after GC invocations=222 (full 0):
 garbage-first heap   total 615424K, used 148577K [0x0000000080000000, 0x0000000100000000)
  region size 1024K, 2 young (2048K), 2 survivors (2048K)
 Metaspace       used 172344K, capacity 177336K, committed 177404K, reserved 1204224K
  class space    used 21329K, capacity 23137K, committed 23168K, reserved 1048576K
}
Event: 1704.929 GC heap before
{Heap before GC invocations=222 (full 0):
 garbage-first heap   total 615424K, used 185441K [0x0000000080000000, 0x0000000100000000)
  region size 1024K, 38 young (38912K), 2 survivors (2048K)
 Metaspace       used 172565K, capacity 177508K, committed 177788K, reserved 1204224K
  class space    used 21368K, capacity 23173K, committed 23296K, reserved 1048576K
}
Event: 1704.944 GC heap after
{Heap after GC invocations=223 (full 0):
 garbage-first heap   total 615424K, used 149452K [0x0000000080000000, 0x0000000100000000)
  region size 1024K, 2 young (2048K), 2 survivors (2048K)
 Metaspace       used 172565K, capacity 177508K, committed 177788K, reserved 1204224K
  class space    used 21368K, capacity 23173K, committed 23296K, reserved 1048576K
}
Event: 1716.341 GC heap before
{Heap before GC invocations=223 (full 0):
 garbage-first heap   total 615424K, used 187340K [0x0000000080000000, 0x0000000100000000)
  region size 1024K, 40 young (40960K), 2 survivors (2048K)
 Metaspace       used 176778K, capacity 181834K, committed 182012K, reserved 1208320K
  class space    used 21976K, capacity 23829K, committed 23936K, reserved 1048576K
}
Event: 1716.416 GC heap after
{Heap after GC invocations=224 (full 0):
 garbage-first heap   total 615424K, used 152962K [0x0000000080000000, 0x0000000100000000)
  region size 1024K, 5 young (5120K), 5 survivors (5120K)
 Metaspace       used 176778K, capacity 181834K, committed 182012K, reserved 1208320K
  class space    used 21976K, capacity 23829K, committed 23936K, reserved 1048576K
}
Event: 1720.960 GC heap before
{Heap before GC invocations=224 (full 0):
 garbage-first heap   total 615424K, used 189826K [0x0000000080000000, 0x0000000100000000)
  region size 1024K, 42 young (43008K), 5 survivors (5120K)
 Metaspace       used 181485K, capacity 186873K, committed 187004K, reserved 1212416K
  class space    used 22783K, capacity 24797K, committed 24832K, reserved 1048576K
}
Event: 1721.675 GC heap after
{Heap after GC invocations=225 (full 0):
 garbage-first heap   total 615424K, used 156804K [0x0000000080000000, 0x0000000100000000)
  region size 1024K, 5 young (5120K), 5 survivors (5120K)
 Metaspace       used 181485K, capacity 186873K, committed 187004K, reserved 1212416K
  class space    used 22783K, capacity 24797K, committed 24832K, reserved 1048576K
}
Event: 1722.224 GC heap before
{Heap before GC invocations=225 (full 0):
 garbage-first heap   total 615424K, used 181380K [0x0000000080000000, 0x0000000100000000)
  region size 1024K, 30 young (30720K), 5 survivors (5120K)
 Metaspace       used 181749K, capacity 187142K, committed 187260K, reserved 1212416K
  class space    used 22794K, capacity 24799K, committed 24832K, reserved 1048576K
}
Event: 1722.976 GC heap after
{Heap after GC invocations=226 (full 0):
 garbage-first heap   total 615424K, used 163100K [0x0000000080000000, 0x0000000100000000)
  region size 1024K, 4 young (4096K), 4 survivors (4096K)
 Metaspace       used 181749K, capacity 187142K, committed 187260K, reserved 1212416K
  class space    used 22794K, capacity 24799K, committed 24832K, reserved 1048576K
}
Event: 1723.656 GC heap before
{Heap before GC invocations=226 (full 0):
 garbage-first heap   total 615424K, used 188700K [0x0000000080000000, 0x0000000100000000)
  region size 1024K, 30 young (30720K), 4 survivors (4096K)
 Metaspace       used 181992K, capacity 187452K, committed 187644K, reserved 1212416K
  class space    used 22808K, capacity 24834K, committed 24960K, reserved 1048576K
}
Event: 1723.890 GC heap after
{Heap after GC invocations=227 (full 0):
 garbage-first heap   total 615424K, used 166912K [0x0000000080000000, 0x0000000100000000)
  region size 1024K, 4 young (4096K), 4 survivors (4096K)
 Metaspace       used 181992K, capacity 187452K, committed 187644K, reserved 1212416K
  class space    used 22808K, capacity 24834K, committed 24960K, reserved 1048576K
}
Event: 1724.205 GC heap before
{Heap before GC invocations=227 (full 0):
 garbage-first heap   total 615424K, used 193536K [0x0000000080000000, 0x0000000100000000)
  region size 1024K, 30 young (30720K), 4 survivors (4096K)
 Metaspace       used 182070K, capacity 187524K, committed 187900K, reserved 1212416K
  class space    used 22809K, capacity 24834K, committed 24960K, reserved 1048576K
}

