# JRE version: OpenJDK Runtime Environment (11.0.10) (build 11.0.10+0-b96-7249189)
# Java VM: OpenJDK 64-Bit Server VM (11.0.10+0-b96-7249189, mixed mode, tiered, compressed oops, g1 gc, windows-amd64)
Heap:
 garbage-first heap   total 91136K, used 46597K [0x00000000d0800000, 0x0000000100000000)
  region size 1024K, 2 young (2048K), 2 survivors (2048K)
 Metaspace       used 59948K, capacity 60661K, committed 60796K, reserved 1103872K
  class space    used 6950K, capacity 7233K, committed 7292K, reserved 1048576K
GC Heap History (20 events):
Event: 11.141 GC heap before
{Heap before GC invocations=14 (full 0):
 garbage-first heap   total 59392K, used 38781K [0x00000000d0800000, 0x0000000100000000)
  region size 1024K, 15 young (15360K), 2 survivors (2048K)
 Metaspace       used 38016K, capacity 38499K, committed 38652K, reserved 1083392K
  class space    used 4591K, capacity 4747K, committed 4860K, reserved 1048576K
}
Event: 11.152 GC heap after
{Heap after GC invocations=15 (full 0):
 garbage-first heap   total 72704K, used 28204K [0x00000000d0800000, 0x0000000100000000)
  region size 1024K, 2 young (2048K), 2 survivors (2048K)
 Metaspace       used 38016K, capacity 38499K, committed 38652K, reserved 1083392K
  class space    used 4591K, capacity 4747K, committed 4860K, reserved 1048576K
}
Event: 11.187 GC heap before
{Heap before GC invocations=15 (full 0):
 garbage-first heap   total 72704K, used 28204K [0x00000000d0800000, 0x0000000100000000)
  region size 1024K, 3 young (3072K), 2 survivors (2048K)
 Metaspace       used 38196K, capacity 38723K, committed 38908K, reserved 1083392K
  class space    used 4608K, capacity 4779K, committed 4860K, reserved 1048576K
}
Event: 11.196 GC heap after
{Heap after GC invocations=16 (full 0):
 garbage-first heap   total 72704K, used 28406K [0x00000000d0800000, 0x0000000100000000)
  region size 1024K, 1 young (1024K), 1 survivors (1024K)
 Metaspace       used 38196K, capacity 38723K, committed 38908K, reserved 1083392K
  class space    used 4608K, capacity 4779K, committed 4860K, reserved 1048576K
}
Event: 11.957 GC heap before
{Heap before GC invocations=16 (full 0):
 garbage-first heap   total 72704K, used 45814K [0x00000000d0800000, 0x0000000100000000)
  region size 1024K, 19 young (19456K), 1 survivors (1024K)
 Metaspace       used 41737K, capacity 42250K, committed 42620K, reserved 1087488K
  class space    used 4927K, capacity 5101K, committed 5244K, reserved 1048576K
}
Event: 11.963 GC heap after
{Heap after GC invocations=17 (full 0):
 garbage-first heap   total 72704K, used 29544K [0x00000000d0800000, 0x0000000100000000)
  region size 1024K, 2 young (2048K), 2 survivors (2048K)
 Metaspace       used 41737K, capacity 42250K, committed 42620K, reserved 1087488K
  class space    used 4927K, capacity 5101K, committed 5244K, reserved 1048576K
}
Event: 13.339 GC heap before
{Heap before GC invocations=17 (full 0):
 garbage-first heap   total 72704K, used 50024K [0x00000000d0800000, 0x0000000100000000)
  region size 1024K, 21 young (21504K), 2 survivors (2048K)
 Metaspace       used 47234K, capacity 47881K, committed 48124K, reserved 1091584K
  class space    used 5535K, capacity 5781K, committed 5884K, reserved 1048576K
}
Event: 13.353 GC heap after
{Heap after GC invocations=18 (full 0):
 garbage-first heap   total 72704K, used 33792K [0x00000000d0800000, 0x0000000100000000)
  region size 1024K, 3 young (3072K), 3 survivors (3072K)
 Metaspace       used 47234K, capacity 47881K, committed 48124K, reserved 1091584K
  class space    used 5535K, capacity 5781K, committed 5884K, reserved 1048576K
}
Event: 14.541 GC heap before
{Heap before GC invocations=18 (full 0):
 garbage-first heap   total 72704K, used 52224K [0x00000000d0800000, 0x0000000100000000)
  region size 1024K, 21 young (21504K), 3 survivors (3072K)
 Metaspace       used 49932K, capacity 50587K, committed 50940K, reserved 1093632K
  class space    used 5787K, capacity 6020K, committed 6140K, reserved 1048576K
}
Event: 14.558 GC heap after
{Heap after GC invocations=19 (full 0):
 garbage-first heap   total 72704K, used 36120K [0x00000000d0800000, 0x0000000100000000)
  region size 1024K, 3 young (3072K), 3 survivors (3072K)
 Metaspace       used 49932K, capacity 50587K, committed 50940K, reserved 1093632K
  class space    used 5787K, capacity 6020K, committed 6140K, reserved 1048576K
}
Event: 15.742 GC heap before
{Heap before GC invocations=19 (full 0):
 garbage-first heap   total 72704K, used 53528K [0x00000000d0800000, 0x0000000100000000)
  region size 1024K, 20 young (20480K), 3 survivors (3072K)
 Metaspace       used 52075K, capacity 52686K, committed 52732K, reserved 1095680K
  class space    used 6093K, capacity 6358K, committed 6396K, reserved 1048576K
}
Event: 15.764 GC heap after
{Heap after GC invocations=20 (full 0):
 garbage-first heap   total 72704K, used 39747K [0x00000000d0800000, 0x0000000100000000)
  region size 1024K, 3 young (3072K), 3 survivors (3072K)
 Metaspace       used 52075K, capacity 52686K, committed 52732K, reserved 1095680K
  class space    used 6093K, capacity 6358K, committed 6396K, reserved 1048576K
}
Event: 16.916 GC heap before
{Heap before GC invocations=21 (full 0):
 garbage-first heap   total 72704K, used 54083K [0x00000000d0800000, 0x0000000100000000)
  region size 1024K, 18 young (18432K), 3 survivors (3072K)
 Metaspace       used 54629K, capacity 55236K, committed 55548K, reserved 1097728K
  class space    used 6325K, capacity 6590K, committed 6652K, reserved 1048576K
}
Event: 16.962 GC heap after
{Heap after GC invocations=22 (full 0):
 garbage-first heap   total 72704K, used 41765K [0x00000000d0800000, 0x0000000100000000)
  region size 1024K, 2 young (2048K), 2 survivors (2048K)
 Metaspace       used 54629K, capacity 55236K, committed 55548K, reserved 1097728K
  class space    used 6325K, capacity 6590K, committed 6652K, reserved 1048576K
}
Event: 17.110 GC heap before
{Heap before GC invocations=22 (full 0):
 garbage-first heap   total 72704K, used 42789K [0x00000000d0800000, 0x0000000100000000)
  region size 1024K, 3 young (3072K), 2 survivors (2048K)
 Metaspace       used 54705K, capacity 55300K, committed 55548K, reserved 1097728K
  class space    used 6325K, capacity 6590K, committed 6652K, reserved 1048576K
}
Event: 17.125 GC heap after
{Heap after GC invocations=23 (full 0):
 garbage-first heap   total 91136K, used 41384K [0x00000000d0800000, 0x0000000100000000)
  region size 1024K, 1 young (1024K), 1 survivors (1024K)
 Metaspace       used 54705K, capacity 55300K, committed 55548K, reserved 1097728K
  class space    used 6325K, capacity 6590K, committed 6652K, reserved 1048576K
}
Event: 17.445 GC heap before
{Heap before GC invocations=23 (full 0):
 garbage-first heap   total 91136K, used 63912K [0x00000000d0800000, 0x0000000100000000)
  region size 1024K, 22 young (22528K), 1 survivors (1024K)
 Metaspace       used 54835K, capacity 55428K, committed 55548K, reserved 1097728K
  class space    used 6330K, capacity 6590K, committed 6652K, reserved 1048576K
}
Event: 17.454 GC heap after
{Heap after GC invocations=24 (full 0):
 garbage-first heap   total 91136K, used 42968K [0x00000000d0800000, 0x0000000100000000)
  region size 1024K, 2 young (2048K), 2 survivors (2048K)
 Metaspace       used 54835K, capacity 55428K, committed 55548K, reserved 1097728K
  class space    used 6330K, capacity 6590K, committed 6652K, reserved 1048576K
}
Event: 18.344 GC heap before
{Heap before GC invocations=24 (full 0):
 garbage-first heap   total 91136K, used 65496K [0x00000000d0800000, 0x0000000100000000)
  region size 1024K, 24 young (24576K), 2 survivors (2048K)
 Metaspace       used 56280K, capacity 56941K, committed 57212K, reserved 1099776K
  class space    used 6478K, capacity 6728K, committed 6780K, reserved 1048576K
}
Event: 18.362 GC heap after
{Heap after GC invocations=25 (full 0):
 garbage-first heap   total 91136K, used 44608K [0x00000000d0800000, 0x0000000100000000)
  region size 1024K, 3 young (3072K), 3 survivors (3072K)
 Metaspace       used 56280K, capacity 56941K, committed 57212K, reserved 1099776K
  class space    used 6478K, capacity 6728K, committed 6780K, reserved 1048576K
}

