# JRE version: OpenJDK Runtime Environment (11.0.10) (build 11.0.10+0-b96-7249189)
# Java VM: OpenJDK 64-Bit Server VM (11.0.10+0-b96-7249189, mixed mode, tiered, compressed oops, g1 gc, windows-amd64)
Heap:
 garbage-first heap   total 182272K, used 89819K [0x0000000080000000, 0x0000000100000000)
  region size 1024K, 3 young (3072K), 3 survivors (3072K)
 Metaspace       used 101850K, capacity 104128K, committed 104188K, reserved 1153024K
  class space    used 12796K, capacity 13659K, committed 13696K, reserved 1048576K
GC Heap History (20 events):
Event: 167.026 GC heap before
{Heap before GC invocations=72 (full 0):
 garbage-first heap   total 182272K, used 142848K [0x0000000080000000, 0x0000000100000000)
  region size 1024K, 41 young (41984K), 6 survivors (6144K)
 Metaspace       used 94225K, capacity 96450K, committed 96508K, reserved 1132544K
  class space    used 12066K, capacity 12901K, committed 12928K, reserved 1048576K
}
Event: 167.075 GC heap after
{Heap after GC invocations=73 (full 0):
 garbage-first heap   total 182272K, used 101888K [0x0000000080000000, 0x0000000100000000)
  region size 1024K, 4 young (4096K), 4 survivors (4096K)
 Metaspace       used 94225K, capacity 96450K, committed 96508K, reserved 1132544K
  class space    used 12066K, capacity 12901K, committed 12928K, reserved 1048576K
}
Event: 167.271 GC heap before
{Heap before GC invocations=73 (full 0):
 garbage-first heap   total 182272K, used 111104K [0x0000000080000000, 0x0000000100000000)
  region size 1024K, 13 young (13312K), 4 survivors (4096K)
 Metaspace       used 94234K, capacity 96451K, committed 96508K, reserved 1132544K
  class space    used 12066K, capacity 12901K, committed 12928K, reserved 1048576K
}
Event: 167.292 GC heap after
{Heap after GC invocations=74 (full 0):
 garbage-first heap   total 182272K, used 102642K [0x0000000080000000, 0x0000000100000000)
  region size 1024K, 1 young (1024K), 1 survivors (1024K)
 Metaspace       used 94234K, capacity 96451K, committed 96508K, reserved 1132544K
  class space    used 12066K, capacity 12901K, committed 12928K, reserved 1048576K
}
Event: 168.118 GC heap before
{Heap before GC invocations=75 (full 0):
 garbage-first heap   total 182272K, used 129266K [0x0000000080000000, 0x0000000100000000)
  region size 1024K, 27 young (27648K), 1 survivors (1024K)
 Metaspace       used 94240K, capacity 96451K, committed 96508K, reserved 1132544K
  class space    used 12066K, capacity 12901K, committed 12928K, reserved 1048576K
}
Event: 168.122 GC heap after
{Heap after GC invocations=76 (full 0):
 garbage-first heap   total 182272K, used 102099K [0x0000000080000000, 0x0000000100000000)
  region size 1024K, 1 young (1024K), 1 survivors (1024K)
 Metaspace       used 94240K, capacity 96451K, committed 96508K, reserved 1132544K
  class space    used 12066K, capacity 12901K, committed 12928K, reserved 1048576K
}
Event: 169.059 GC heap before
{Heap before GC invocations=76 (full 0):
 garbage-first heap   total 182272K, used 129747K [0x0000000080000000, 0x0000000100000000)
  region size 1024K, 29 young (29696K), 1 survivors (1024K)
 Metaspace       used 94322K, capacity 96565K, committed 96892K, reserved 1132544K
  class space    used 12075K, capacity 12937K, committed 13056K, reserved 1048576K
}
Event: 169.077 GC heap after
{Heap after GC invocations=77 (full 0):
 garbage-first heap   total 182272K, used 106101K [0x0000000080000000, 0x0000000100000000)
  region size 1024K, 5 young (5120K), 5 survivors (5120K)
 Metaspace       used 94322K, capacity 96565K, committed 96892K, reserved 1132544K
  class space    used 12075K, capacity 12937K, committed 13056K, reserved 1048576K
}
Event: 171.245 GC heap before
{Heap before GC invocations=78 (full 0):
 garbage-first heap   total 182272K, used 158325K [0x0000000080000000, 0x0000000100000000)
  region size 1024K, 42 young (43008K), 5 survivors (5120K)
 Metaspace       used 97649K, capacity 99870K, committed 100092K, reserved 1136640K
  class space    used 12349K, capacity 13183K, committed 13184K, reserved 1048576K
}
Event: 171.266 GC heap after
{Heap after GC invocations=79 (full 0):
 garbage-first heap   total 182272K, used 106598K [0x0000000080000000, 0x0000000100000000)
  region size 1024K, 5 young (5120K), 5 survivors (5120K)
 Metaspace       used 97649K, capacity 99870K, committed 100092K, reserved 1136640K
  class space    used 12349K, capacity 13183K, committed 13184K, reserved 1048576K
}
Event: 173.238 GC heap before
{Heap before GC invocations=79 (full 0):
 garbage-first heap   total 182272K, used 145510K [0x0000000080000000, 0x0000000100000000)
  region size 1024K, 43 young (44032K), 5 survivors (5120K)
 Metaspace       used 98569K, capacity 100767K, committed 100988K, reserved 1136640K
  class space    used 12407K, capacity 13247K, committed 13312K, reserved 1048576K
}
Event: 173.248 GC heap after
{Heap after GC invocations=80 (full 0):
 garbage-first heap   total 182272K, used 105750K [0x0000000080000000, 0x0000000100000000)
  region size 1024K, 1 young (1024K), 1 survivors (1024K)
 Metaspace       used 98569K, capacity 100767K, committed 100988K, reserved 1136640K
  class space    used 12407K, capacity 13247K, committed 13312K, reserved 1048576K
}
Event: 175.786 GC heap before
{Heap before GC invocations=81 (full 0):
 garbage-first heap   total 182272K, used 137494K [0x0000000080000000, 0x0000000100000000)
  region size 1024K, 43 young (44032K), 1 survivors (1024K)
 Metaspace       used 99128K, capacity 101410K, committed 101500K, reserved 1138688K
  class space    used 12454K, capacity 13312K, committed 13312K, reserved 1048576K
}
Event: 175.793 GC heap after
{Heap after GC invocations=82 (full 0):
 garbage-first heap   total 182272K, used 95264K [0x0000000080000000, 0x0000000100000000)
  region size 1024K, 1 young (1024K), 1 survivors (1024K)
 Metaspace       used 99128K, capacity 101410K, committed 101500K, reserved 1138688K
  class space    used 12454K, capacity 13312K, committed 13312K, reserved 1048576K
}
Event: 176.382 GC heap before
{Heap before GC invocations=82 (full 0):
 garbage-first heap   total 182272K, used 102432K [0x0000000080000000, 0x0000000100000000)
  region size 1024K, 8 young (8192K), 1 survivors (1024K)
 Metaspace       used 99202K, capacity 101484K, committed 101884K, reserved 1138688K
  class space    used 12461K, capacity 13314K, committed 13440K, reserved 1048576K
}
Event: 176.388 GC heap after
{Heap after GC invocations=83 (full 0):
 garbage-first heap   total 182272K, used 88195K [0x0000000080000000, 0x0000000100000000)
  region size 1024K, 1 young (1024K), 1 survivors (1024K)
 Metaspace       used 99202K, capacity 101484K, committed 101884K, reserved 1138688K
  class space    used 12461K, capacity 13314K, committed 13440K, reserved 1048576K
}
Event: 180.504 GC heap before
{Heap before GC invocations=83 (full 0):
 garbage-first heap   total 182272K, used 127107K [0x0000000080000000, 0x0000000100000000)
  region size 1024K, 41 young (41984K), 1 survivors (1024K)
 Metaspace       used 100989K, capacity 103205K, committed 103292K, reserved 1144832K
  class space    used 12680K, capacity 13524K, committed 13568K, reserved 1048576K
}
Event: 180.517 GC heap after
{Heap after GC invocations=84 (full 0):
 garbage-first heap   total 182272K, used 89485K [0x0000000080000000, 0x0000000100000000)
  region size 1024K, 2 young (2048K), 2 survivors (2048K)
 Metaspace       used 100989K, capacity 103205K, committed 103292K, reserved 1144832K
  class space    used 12680K, capacity 13524K, committed 13568K, reserved 1048576K
}
Event: 181.235 GC heap before
{Heap before GC invocations=85 (full 0):
 garbage-first heap   total 182272K, used 102797K [0x0000000080000000, 0x0000000100000000)
  region size 1024K, 16 young (16384K), 2 survivors (2048K)
 Metaspace       used 101850K, capacity 104128K, committed 104188K, reserved 1150976K
  class space    used 12796K, capacity 13659K, committed 13696K, reserved 1048576K
}
Event: 181.250 GC heap after
{Heap after GC invocations=86 (full 0):
 garbage-first heap   total 182272K, used 89819K [0x0000000080000000, 0x0000000100000000)
  region size 1024K, 3 young (3072K), 3 survivors (3072K)
 Metaspace       used 101850K, capacity 104128K, committed 104188K, reserved 1150976K
  class space    used 12796K, capacity 13659K, committed 13696K, reserved 1048576K
}

